<?xml version="1.0" encoding="UTF-8"?>
<!-- Generated by org.testng.reporters.JUnitReportReporter -->
<testsuite hostname="DESKTOP-SBE2UEF" failures="0" tests="3" name="cucumberrunner.TestRunner" time="28.288" errors="0" timestamp="2024-05-31T12:07:27 IST" skipped="0">
  <testcase classname="cucumberrunner.TestRunner" name="runScenario" time="4.651"/>
  <system-out/>
  <testcase classname="cucumberrunner.TestRunner" name="runScenario" time="8.563"/>
  <system-out/>
  <testcase classname="cucumberrunner.TestRunner" name="runScenario" time="15.074"/>
  <system-out/>
</testsuite> <!-- cucumberrunner.TestRunner -->
